error: Jun-19-2021 16:08:07: 	TypeError: Cannot read property 'startsWith' of undefined
    at validateJwt (C:\Users\Mato\Documents\Visual Studio Code\recruitment-api\server\src\api\validators\jwt.ts:9:24)
    at Layer.handle [as handle_request] (C:\Users\Mato\Documents\Visual Studio Code\recruitment-api\server\node_modules\express\lib\router\layer.js:95:5)
    at next (C:\Users\Mato\Documents\Visual Studio Code\recruitment-api\server\node_modules\express\lib\router\route.js:137:13)
    at Route.dispatch (C:\Users\Mato\Documents\Visual Studio Code\recruitment-api\server\node_modules\express\lib\router\route.js:112:3)
    at Layer.handle [as handle_request] (C:\Users\Mato\Documents\Visual Studio Code\recruitment-api\server\node_modules\express\lib\router\layer.js:95:5)
    at C:\Users\Mato\Documents\Visual Studio Code\recruitment-api\server\node_modules\express\lib\router\index.js:281:22
    at Function.process_params (C:\Users\Mato\Documents\Visual Studio Code\recruitment-api\server\node_modules\express\lib\router\index.js:335:12)
    at next (C:\Users\Mato\Documents\Visual Studio Code\recruitment-api\server\node_modules\express\lib\router\index.js:275:10)
    at Function.handle (C:\Users\Mato\Documents\Visual Studio Code\recruitment-api\server\node_modules\express\lib\router\index.js:174:3)
    at router (C:\Users\Mato\Documents\Visual Studio Code\recruitment-api\server\node_modules\express\lib\router\index.js:47:12)
error: Jun-19-2021 16:08:36: 	TypeError: Cannot read property 'startsWith' of undefined
    at validateJwt (C:\Users\Mato\Documents\Visual Studio Code\recruitment-api\server\src\api\validators\jwt.ts:9:24)
    at Layer.handle [as handle_request] (C:\Users\Mato\Documents\Visual Studio Code\recruitment-api\server\node_modules\express\lib\router\layer.js:95:5)
    at next (C:\Users\Mato\Documents\Visual Studio Code\recruitment-api\server\node_modules\express\lib\router\route.js:137:13)
    at Route.dispatch (C:\Users\Mato\Documents\Visual Studio Code\recruitment-api\server\node_modules\express\lib\router\route.js:112:3)
    at Layer.handle [as handle_request] (C:\Users\Mato\Documents\Visual Studio Code\recruitment-api\server\node_modules\express\lib\router\layer.js:95:5)
    at C:\Users\Mato\Documents\Visual Studio Code\recruitment-api\server\node_modules\express\lib\router\index.js:281:22
    at Function.process_params (C:\Users\Mato\Documents\Visual Studio Code\recruitment-api\server\node_modules\express\lib\router\index.js:335:12)
    at next (C:\Users\Mato\Documents\Visual Studio Code\recruitment-api\server\node_modules\express\lib\router\index.js:275:10)
    at Function.handle (C:\Users\Mato\Documents\Visual Studio Code\recruitment-api\server\node_modules\express\lib\router\index.js:174:3)
    at router (C:\Users\Mato\Documents\Visual Studio Code\recruitment-api\server\node_modules\express\lib\router\index.js:47:12)
